#! /opt/homebrew/Cellar/icarus-verilog/12.0/bin/vvp
:ivl_version "12.0 (stable)";
:ivl_delay_selection "TYPICAL";
:vpi_time_precision + 0;
:vpi_module "/opt/homebrew/Cellar/icarus-verilog/12.0/lib/ivl/system.vpi";
:vpi_module "/opt/homebrew/Cellar/icarus-verilog/12.0/lib/ivl/vhdl_sys.vpi";
:vpi_module "/opt/homebrew/Cellar/icarus-verilog/12.0/lib/ivl/vhdl_textio.vpi";
:vpi_module "/opt/homebrew/Cellar/icarus-verilog/12.0/lib/ivl/v2005_math.vpi";
:vpi_module "/opt/homebrew/Cellar/icarus-verilog/12.0/lib/ivl/va_math.vpi";
:vpi_module "/opt/homebrew/Cellar/icarus-verilog/12.0/lib/ivl/v2009.vpi";
S_0x1039b8860 .scope package, "$unit" "$unit" 2 1;
 .timescale 0 0;
S_0x1039b89e0 .scope module, "synfifo" "synfifo" 3 3;
 .timescale 0 0;
    .port_info 0 /INPUT 1 "clk";
    .port_info 1 /INPUT 1 "rst_n";
    .port_info 2 /INPUT 64 "in_data";
    .port_info 3 /OUTPUT 64 "out_data";
    .port_info 4 /INPUT 1 "wr_en";
    .port_info 5 /INPUT 1 "rd_en";
    .port_info 6 /OUTPUT 1 "full";
    .port_info 7 /OUTPUT 1 "empty";
P_0xc1f048240 .param/l "ADDRESS_WIDTH" 0 3 5, +C4<00000000000000000000000000000100>;
P_0xc1f048280 .param/l "DATA_WIDTH" 0 3 6, +C4<00000000000000000000000001000000>;
P_0xc1f0482c0 .param/l "DEPTH" 0 3 4, +C4<00000000000000000000000000010000>;
L_0x1039c0750 .functor XOR 1, L_0x1039c2650, L_0x1039c26f0, C4<0>, C4<0>;
L_0x1039c15d0 .functor AND 1, L_0x1039c0750, L_0x1039c2790, C4<1>, C4<1>;
v0x1039c06b0_0 .net *"_ivl_10", 0 0, L_0x1039c2790;  1 drivers
v0x1039c20f0_0 .net *"_ivl_5", 0 0, L_0x1039c2650;  1 drivers
v0x1039c2190_0 .net *"_ivl_7", 0 0, L_0x1039c26f0;  1 drivers
v0x1039c2230_0 .net *"_ivl_8", 0 0, L_0x1039c0750;  1 drivers
o0xc1e8200d0 .functor BUFZ 1, C4<z>; HiZ drive
v0x1039c22d0_0 .net "clk", 0 0, o0xc1e8200d0;  0 drivers
v0x1039c2370_0 .net "empty", 0 0, L_0x1039c2830;  1 drivers
v0xc1ec3c000_0 .net "full", 0 0, L_0x1039c15d0;  1 drivers
o0xc1e820160 .functor BUFZ 64, C4<zzzzzzzzzzzzzzzzzzzzzzzzzzzzzzzzzzzzzzzzzzzzzzzzzzzzzzzzzzzzzzzz>; HiZ drive
v0xc1ec3c0a0_0 .net "in_data", 63 0, o0xc1e820160;  0 drivers
v0xc1ec3c140 .array "mem", 15 0, 63 0;
v0xc1ec3c1e0_0 .var "out_data", 63 0;
v0xc1ec3c280_0 .net "rd_addr", 3 0, L_0x1039c2510;  1 drivers
o0xc1e8201f0 .functor BUFZ 1, C4<z>; HiZ drive
v0xc1ec3c320_0 .net "rd_en", 0 0, o0xc1e8201f0;  0 drivers
v0xc1ec3c3c0_0 .var "rd_ptr", 4 0;
o0xc1e820250 .functor BUFZ 1, C4<z>; HiZ drive
v0xc1ec3c460_0 .net "rst_n", 0 0, o0xc1e820250;  0 drivers
v0xc1ec3c500_0 .net "wr_addr", 3 0, L_0x1039c25b0;  1 drivers
o0xc1e8202b0 .functor BUFZ 1, C4<z>; HiZ drive
v0xc1ec3c5a0_0 .net "wr_en", 0 0, o0xc1e8202b0;  0 drivers
v0xc1ec3c640_0 .var "wr_ptr", 4 0;
E_0xc1ec04440/0 .event negedge, v0xc1ec3c460_0;
E_0xc1ec04440/1 .event posedge, v0x1039c22d0_0;
E_0xc1ec04440 .event/or E_0xc1ec04440/0, E_0xc1ec04440/1;
L_0x1039c2510 .part v0xc1ec3c3c0_0, 0, 4;
L_0x1039c25b0 .part v0xc1ec3c640_0, 0, 4;
L_0x1039c2650 .part v0xc1ec3c3c0_0, 4, 1;
L_0x1039c26f0 .part v0xc1ec3c640_0, 4, 1;
L_0x1039c2790 .cmp/eq 4, L_0x1039c2510, L_0x1039c25b0;
L_0x1039c2830 .cmp/eq 5, v0xc1ec3c3c0_0, v0xc1ec3c640_0;
    .scope S_0x1039b89e0;
T_0 ;
    %wait E_0xc1ec04440;
    %load/vec4 v0xc1ec3c460_0;
    %inv;
    %flag_set/vec4 8;
    %jmp/0xz  T_0.0, 8;
    %pushi/vec4 0, 0, 5;
    %assign/vec4 v0xc1ec3c3c0_0, 0;
    %pushi/vec4 0, 0, 64;
    %assign/vec4 v0xc1ec3c1e0_0, 0;
    %jmp T_0.1;
T_0.0 ;
    %load/vec4 v0xc1ec3c320_0;
    %flag_set/vec4 9;
    %flag_get/vec4 9;
    %jmp/0 T_0.4, 9;
    %load/vec4 v0x1039c2370_0;
    %nor/r;
    %and;
T_0.4;
    %flag_set/vec4 8;
    %jmp/0xz  T_0.2, 8;
    %load/vec4 v0xc1ec3c280_0;
    %pad/u 6;
    %ix/vec4 4;
    %load/vec4a v0xc1ec3c140, 4;
    %assign/vec4 v0xc1ec3c1e0_0, 0;
    %load/vec4 v0xc1ec3c3c0_0;
    %addi 1, 0, 5;
    %assign/vec4 v0xc1ec3c3c0_0, 0;
T_0.2 ;
T_0.1 ;
    %jmp T_0;
    .thread T_0;
    .scope S_0x1039b89e0;
T_1 ;
    %wait E_0xc1ec04440;
    %load/vec4 v0xc1ec3c460_0;
    %inv;
    %flag_set/vec4 8;
    %jmp/0xz  T_1.0, 8;
    %pushi/vec4 0, 0, 5;
    %assign/vec4 v0xc1ec3c640_0, 0;
    %jmp T_1.1;
T_1.0 ;
    %load/vec4 v0xc1ec3c5a0_0;
    %flag_set/vec4 9;
    %flag_get/vec4 9;
    %jmp/0 T_1.4, 9;
    %load/vec4 v0xc1ec3c000_0;
    %nor/r;
    %and;
T_1.4;
    %flag_set/vec4 8;
    %jmp/0xz  T_1.2, 8;
    %load/vec4 v0xc1ec3c0a0_0;
    %load/vec4 v0xc1ec3c500_0;
    %pad/u 6;
    %ix/vec4 3;
    %ix/load 4, 0, 0; Constant delay
    %assign/vec4/a/d v0xc1ec3c140, 0, 4;
    %load/vec4 v0xc1ec3c640_0;
    %addi 1, 0, 5;
    %assign/vec4 v0xc1ec3c640_0, 0;
T_1.2 ;
T_1.1 ;
    %jmp T_1;
    .thread T_1;
# The file index is used to find the file name in the following table.
:file_names 4;
    "N/A";
    "<interactive>";
    "-";
    "sync_fifo.sv";
